#
# There is insufficient memory for the Java Runtime Environment to continue.
# Native memory allocation (malloc) failed to allocate 1048576 bytes for AllocateHeap
# Possible reasons:
#   The system is out of physical RAM or swap space
#   The process is running with CompressedOops enabled, and the Java Heap may be blocking the growth of the native heap
# Possible solutions:
#   Reduce memory load on the system
#   Increase physical memory or swap space
#   Check if swap backing store is full
#   Decrease Java heap size (-Xmx/-Xms)
#   Decrease number of Java threads
#   Decrease Java thread stack sizes (-Xss)
#   Set larger code cache with -XX:ReservedCodeCacheSize=
#   JVM is running with Unscaled Compressed Oops mode in which the Java heap is
#     placed in the first 4GB address space. The Java Heap base address is the
#     maximum limit for the native heap growth. Please use -XX:HeapBaseMinAddress
#     to set the Java Heap base and to place the Java Heap above 4GB virtual address.
# This output file may be truncated or incomplete.
#
#  Out of Memory Error (memory/allocation.inline.hpp:61), pid=19112, tid=0x0000000000006208
#
# JRE version:  (8.0_281-b09) (build )
# Java VM: Java HotSpot(TM) 64-Bit Server VM (25.281-b09 mixed mode windows-amd64 compressed oops)
# Failed to write core dump. Minidumps are not enabled by default on client versions of Windows
#

---------------  T H R E A D  ---------------

Current thread (0x00000243ff9df800):  JavaThread "Unknown thread" [_thread_in_vm, id=25096, stack(0x000000bc6bf00000,0x000000bc6c000000)]

Stack: [0x000000bc6bf00000,0x000000bc6c000000]
Native frames: (J=compiled Java code, j=interpreted, Vv=VM code, C=native code)
V  [jvm.dll+0x32e5b9]
V  [jvm.dll+0x275012]
V  [jvm.dll+0x275cbd]
V  [jvm.dll+0x26c6f5]
V  [jvm.dll+0x509d]
V  [jvm.dll+0x3c8d4d]
V  [jvm.dll+0x3c9aca]
V  [jvm.dll+0x3c5a67]
V  [jvm.dll+0xfcaaf]
V  [jvm.dll+0x209a1b]
V  [jvm.dll+0x2383d7]
V  [jvm.dll+0x162566]
C  [java.exe+0x2312]
C  [java.exe+0x15f54]
C  [KERNEL32.DLL+0x17034]
C  [ntdll.dll+0x52651]


---------------  P R O C E S S  ---------------

Java Threads: ( => current thread )

Other Threads:

=>0x00000243ff9df800 (exited) JavaThread "Unknown thread" [_thread_in_vm, id=25096, stack(0x000000bc6bf00000,0x000000bc6c000000)]

VM state:not at safepoint (normal execution)

VM Mutex/Monitor currently owned by a thread: None

heap address: 0x0000000081c00000, size: 2020 MB, Compressed Oops mode: 32-bit
Narrow klass base: 0x0000000000000000, Narrow klass shift: 3
Compressed class space size: 1073741824 Address: 0x0000000100000000

Heap:
 PSYoungGen      total 38400K, used 665K [0x00000000d5f00000, 0x00000000d8980000, 0x0000000100000000)
  eden space 33280K, 2% used [0x00000000d5f00000,0x00000000d5fa6670,0x00000000d7f80000)
  from space 5120K, 0% used [0x00000000d8480000,0x00000000d8480000,0x00000000d8980000)
  to   space 5120K, 0% used [0x00000000d7f80000,0x00000000d7f80000,0x00000000d8480000)
 ParOldGen       total 87552K, used 0K [0x0000000081c00000, 0x0000000087180000, 0x00000000d5f00000)
  object space 87552K, 0% used [0x0000000081c00000,0x0000000081c00000,0x0000000087180000)
 Metaspace       used 777K, capacity 4480K, committed 4480K, reserved 1056768K
  class space    used 76K, capacity 384K, committed 384K, reserved 1048576K

Card table byte_map: [0x0000024390800000,0x0000024390c00000] byte_map_base: 0x00000243903f2000

Marking Bits: (ParMarkBitMap*) 0x000000005ff86ff0
 Begin Bits: [0x0000024390eb0000, 0x0000024392e40000)
 End Bits:   [0x0000024392e40000, 0x0000024394dd0000)

Polling page: 0x0000024381410000

CodeCache: size=245760Kb used=328Kb max_used=328Kb free=245431Kb
 bounds [0x0000024381440000, 0x00000243816b0000, 0x0000024390440000]
 total_blobs=58 nmethods=0 adapters=38
 compilation: enabled

Compilation events (0 events):
No events

GC Heap History (0 events):
No events

Deoptimization events (0 events):
No events

Classes redefined (0 events):
No events

Internal exceptions (0 events):
No events

Events (10 events):
Event: 0.085 loading class java/lang/Short
Event: 0.085 loading class java/lang/Short done
Event: 0.085 loading class java/lang/Integer
Event: 0.085 loading class java/lang/Integer done
Event: 0.085 loading class java/lang/Long
Event: 0.085 loading class java/lang/Long done
Event: 0.086 loading class java/lang/NullPointerException
Event: 0.086 loading class java/lang/NullPointerException done
Event: 0.086 loading class java/lang/ArithmeticException
Event: 0.086 loading class java/lang/ArithmeticException done


Dynamic libraries:
0x00007ff657fc0000 - 0x00007ff658007000 	C:\Program Files\Java\jdk1.8.0_281\bin\java.exe
0x00007ffab6070000 - 0x00007ffab6265000 	C:\Windows\SYSTEM32\ntdll.dll
0x00007ffa99dc0000 - 0x00007ffa99dd3000 	C:\Program Files\Avast Software\Avast\aswhook.dll
0x00007ffab5070000 - 0x00007ffab512d000 	C:\Windows\System32\KERNEL32.DLL
0x00007ffab3ca0000 - 0x00007ffab3f69000 	C:\Windows\System32\KERNELBASE.dll
0x00007ffab4c10000 - 0x00007ffab4cbc000 	C:\Windows\System32\ADVAPI32.dll
0x00007ffab40d0000 - 0x00007ffab416e000 	C:\Windows\System32\msvcrt.dll
0x00007ffab5d30000 - 0x00007ffab5dcc000 	C:\Windows\System32\sechost.dll
0x00007ffab5dd0000 - 0x00007ffab5efb000 	C:\Windows\System32\RPCRT4.dll
0x00007ffab5a10000 - 0x00007ffab5bb0000 	C:\Windows\System32\USER32.dll
0x00007ffab3a00000 - 0x00007ffab3a22000 	C:\Windows\System32\win32u.dll
0x00007ffab5040000 - 0x00007ffab506a000 	C:\Windows\System32\GDI32.dll
0x00007ffab3ae0000 - 0x00007ffab3beb000 	C:\Windows\System32\gdi32full.dll
0x00007ffab3960000 - 0x00007ffab39fd000 	C:\Windows\System32\msvcp_win.dll
0x00007ffab3860000 - 0x00007ffab3960000 	C:\Windows\System32\ucrtbase.dll
0x00007ffa90ec0000 - 0x00007ffa9115a000 	C:\Windows\WinSxS\amd64_microsoft.windows.common-controls_6595b64144ccf1df_6.0.19041.844_none_ca00b6081b84eb1d\COMCTL32.dll
0x00007ffab4d20000 - 0x00007ffab4d50000 	C:\Windows\System32\IMM32.DLL
0x00007ffa80c00000 - 0x00007ffa80c15000 	C:\Program Files\Java\jdk1.8.0_281\jre\bin\vcruntime140.dll
0x00007ffa4d3b0000 - 0x00007ffa4d44b000 	C:\Program Files\Java\jdk1.8.0_281\jre\bin\msvcp140.dll
0x000000005f7a0000 - 0x000000005ffff000 	C:\Program Files\Java\jdk1.8.0_281\jre\bin\server\jvm.dll
0x00007ffab5f00000 - 0x00007ffab5f08000 	C:\Windows\System32\PSAPI.DLL
0x00007ffaac630000 - 0x00007ffaac63a000 	C:\Windows\SYSTEM32\VERSION.dll
0x00007ffa988d0000 - 0x00007ffa988d9000 	C:\Windows\SYSTEM32\WSOCK32.dll
0x00007ffa9abe0000 - 0x00007ffa9ac07000 	C:\Windows\SYSTEM32\WINMM.dll
0x00007ffab4d50000 - 0x00007ffab4dbb000 	C:\Windows\System32\WS2_32.dll
0x00007ffab2090000 - 0x00007ffab20a2000 	C:\Windows\SYSTEM32\kernel.appcore.dll
0x00007ffa80bb0000 - 0x00007ffa80bc0000 	C:\Program Files\Java\jdk1.8.0_281\jre\bin\verify.dll
0x00007ffa80b80000 - 0x00007ffa80bab000 	C:\Program Files\Java\jdk1.8.0_281\jre\bin\java.dll
0x00007ffa80b60000 - 0x00007ffa80b78000 	C:\Program Files\Java\jdk1.8.0_281\jre\bin\zip.dll
0x00007ffab1610000 - 0x00007ffab17f4000 	C:\Windows\SYSTEM32\dbghelp.dll
0x00007ffab3bf0000 - 0x00007ffab3c70000 	C:\Windows\System32\bcryptPrimitives.dll

VM Arguments:
jvm_args: -Dfile.encoding=UTF-8 
java_command: txt_editor.sobre_owner
java_class_path (initial): C:\Users\admin\Documents\NetBeansProjects\txt_editor\build\classes
Launcher Type: SUN_STANDARD

Environment Variables:
PATH=C:\Program Files (x86)\Common Files\Oracle\Java\javapath;C:\Windows\system32;C:\Windows;C:\Windows\System32\Wbem;C:\Windows\System32\WindowsPowerShell\v1.0\;C:\Windows\System32\OpenSSH\;C:\Users\admin\AppData\Local\Microsoft\WindowsApps;
USERNAME=admin
OS=Windows_NT
PROCESSOR_IDENTIFIER=Intel64 Family 6 Model 142 Stepping 12, GenuineIntel



---------------  S Y S T E M  ---------------

OS: Windows 10.0 , 64 bit Build 19041 (10.0.19041.804)

CPU:total 8 (initial active 8) (4 cores per cpu, 2 threads per core) family 6 model 142 stepping 12, cmov, cx8, fxsr, mmx, sse, sse2, sse3, ssse3, sse4.1, sse4.2, popcnt, avx, avx2, aes, clmul, erms, 3dnowpref, lzcnt, ht, tsc, tscinvbit, bmi1, bmi2, adx

Memory: 4k page, physical 8273152k(1005944k free), swap 33438976k(3608k free)

vm_info: Java HotSpot(TM) 64-Bit Server VM (25.281-b09) for windows-amd64 JRE (1.8.0_281-b09), built on Dec  9 2020 13:54:07 by "" with MS VC++ 15.9 (VS2017)

time: Wed Apr 14 05:56:56 2021
timezone: Hora estándar de China
elapsed time: 0.338782 seconds (0d 0h 0m 0s)

